<?xml version="1.0" encoding="UTF-8"?>
<!-- Generated by org.testng.reporters.JUnitXMLReporter -->
<testsuite ignored="2" hostname="Brijesh" failures="0" tests="2" name="Surefire test" time="6.123" errors="0" timestamp="2023-02-05T20:06:13 EST">
  <testcase classname="test.LoginTest" name="verifyPageTitleTest" time="0.022"/>
  <testcase classname="test.LoginTest" name="verifyLogo" time="0.375"/>
  <testcase classname="test.BaseTest" name="@BeforeTest setExtent" time="0.0">
    <ignored/>
  </testcase> <!-- @BeforeTest setExtent -->
  <testcase classname="test.BaseTest" name="@AfterTest endReport" time="0.0">
    <ignored/>
  </testcase> <!-- @AfterTest endReport -->
</testsuite> <!-- Surefire test -->
