<?xml version="1.0" encoding="UTF-8"?>
<testng-results ignored="2" total="4" passed="2" failed="0" skipped="0">
  <reporter-output>
  </reporter-output>
  <suite started-at="2023-02-05T01:56:59 EST" name="Surefire suite" finished-at="2023-02-05T01:57:05 EST" duration-ms="6140">
    <groups>
    </groups>
    <test started-at="2023-02-05T01:56:59 EST" name="Surefire test" finished-at="2023-02-05T01:57:05 EST" duration-ms="6140">
      <class name="test.LoginTest">
        <test-method is-config="true" signature="initialisation()[pri:0, instance:test.LoginTest@7161d8d1]" started-at="2023-02-05T01:56:59 EST" name="initialisation" finished-at="2023-02-05T01:57:02 EST" duration-ms="2998" status="PASS">
          <reporter-output>
          </reporter-output>
        </test-method> <!-- initialisation -->
        <test-method signature="verifyPageTitleTest()[pri:1, instance:test.LoginTest@7161d8d1]" started-at="2023-02-05T01:57:02 EST" name="verifyPageTitleTest" finished-at="2023-02-05T01:57:02 EST" duration-ms="22" status="PASS">
          <reporter-output>
          </reporter-output>
        </test-method> <!-- verifyPageTitleTest -->
        <test-method is-config="true" signature="teardown(org.testng.ITestResult)[pri:0, instance:test.LoginTest@7161d8d1]" started-at="2023-02-05T01:57:02 EST" name="teardown" finished-at="2023-02-05T01:57:03 EST" duration-ms="330" status="PASS">
          <params>
            <param index="0">
              <value>
                <![CDATA[[TestResult name=verifyPageTitleTest status=SUCCESS method=LoginTest.verifyPageTitleTest()[pri:1, instance:test.LoginTest@7161d8d1] output={null}]]]>
              </value>
            </param>
          </params>
          <reporter-output>
          </reporter-output>
        </test-method> <!-- teardown -->
        <test-method is-config="true" signature="initialisation()[pri:0, instance:test.LoginTest@7161d8d1]" started-at="2023-02-05T01:57:03 EST" name="initialisation" finished-at="2023-02-05T01:57:04 EST" duration-ms="1439" status="PASS">
          <reporter-output>
          </reporter-output>
        </test-method> <!-- initialisation -->
        <test-method signature="verifyLogo()[pri:2, instance:test.LoginTest@7161d8d1]" started-at="2023-02-05T01:57:04 EST" name="verifyLogo" finished-at="2023-02-05T01:57:05 EST" duration-ms="590" status="PASS">
          <reporter-output>
          </reporter-output>
        </test-method> <!-- verifyLogo -->
        <test-method is-config="true" signature="teardown(org.testng.ITestResult)[pri:0, instance:test.LoginTest@7161d8d1]" started-at="2023-02-05T01:57:05 EST" name="teardown" finished-at="2023-02-05T01:57:05 EST" duration-ms="373" status="PASS">
          <params>
            <param index="0">
              <value>
                <![CDATA[[TestResult name=verifyLogo status=SUCCESS method=LoginTest.verifyLogo()[pri:2, instance:test.LoginTest@7161d8d1] output={null}]]]>
              </value>
            </param>
          </params>
          <reporter-output>
          </reporter-output>
        </test-method> <!-- teardown -->
      </class> <!-- test.LoginTest -->
      <class name="test.BaseTest">
        <test-method is-config="true" signature="setExtent()[pri:0, instance:test.BaseTest@27406a17]" started-at="2023-02-05T01:56:59 EST" name="setExtent" finished-at="2023-02-05T01:56:59 EST" duration-ms="140" status="PASS">
          <reporter-output>
          </reporter-output>
        </test-method> <!-- setExtent -->
        <test-method is-config="true" signature="endReport()[pri:0, instance:test.BaseTest@27406a17]" started-at="2023-02-05T01:57:05 EST" name="endReport" finished-at="2023-02-05T01:57:05 EST" duration-ms="232" status="PASS">
          <reporter-output>
          </reporter-output>
        </test-method> <!-- endReport -->
      </class> <!-- test.BaseTest -->
    </test> <!-- Surefire test -->
  </suite> <!-- Surefire suite -->
</testng-results>
